[handleMsg]:  {
  key: {
    remoteJid: '50582477697@s.whatsapp.net',
    fromMe: false,
    id: '78B0319FE3155B9E22AAA67467D733F7',
    participant: undefined
  },
  messageTimestamp: 1706342847,
  pushName: '🙄',
  broadcast: false,
  message: Message {
    conversation: '11',
    messageContextInfo: MessageContextInfo {
      deviceListMetadata: [DeviceListMetadata],
      deviceListMetadataVersion: 2
    }
  },
  body: '11',
  from: '50582477697'
}
[QUEUE_SE_ENVIO]:  {
  ref: 'ans_6ab2ccbc-04b5-48a9-957a-3cd97b4a9e7f',
  keyword: 'key_2221d814-5165-456e-b65c-d8976914417f',
  answer: '🚗 ¡Hola!. 🌟 ¿Cómo puedo ayudarte hoy?',
  options: {
    media: null,
    buttons: [],
    capture: false,
    child: null,
    delay: 0,
    idle: null,
    ref: null,
    nested: [],
    keyword: {},
    callback: false
  },
  refSerialize: '51664e1b728a3eef2cd7cebf098e416a'
}
[QUEUE_SE_ENVIO]:  {
  ref: 'ans_c6a7aeee-b0b3-4138-8fd9-f79e5c92cd1a',
  keyword: 'ans_6ab2ccbc-04b5-48a9-957a-3cd97b4a9e7f',
  answer: 'Nuestras opciones 🚗:\n' +
    '👉 *1. Ver citas hoy*\n' +
    '👉 *2. Empezar lavado*\n' +
    '👉 *3. Finalizar lavado*\n' +
    '👉 *4. Agregar vehículo lavado*\n' +
    '*Ingresa un numero para continuar*',
  options: {
    media: null,
    buttons: [],
    capture: false,
    child: null,
    delay: 0,
    idle: null,
    ref: null,
    nested: [
      [Object], [Object],
      [Object], [Object],
      [Object], [Object],
      [Object], [Object],
      [Object], [Object],
      [Object]
    ],
    keyword: {},
    callback: false
  },
  refSerialize: '09746bd9edab42d9e1a1d8f1b8f73dc7'
}
[handleMsg]:  {
  key: {
    remoteJid: '50582477697@s.whatsapp.net',
    fromMe: false,
    id: '5BBE3884BCFF10F225A6652B64161D18',
    participant: undefined
  },
  messageTimestamp: 1706342849,
  pushName: '🙄',
  broadcast: false,
  message: Message {
    conversation: '3',
    messageContextInfo: MessageContextInfo {
      deviceListMetadata: [DeviceListMetadata],
      deviceListMetadataVersion: 2
    }
  },
  body: '3',
  from: '50582477697'
}
[QUEUE_SE_ENVIO]:  {
  ref: 'ans_291240ef-8a7f-4848-a5ca-42e47fa867cc',
  keyword: 'key_a8b76e59-f738-49e7-8626-f6db364f4b39',
  answer: '👀 Es hora de terminar el lavado',
  options: {
    media: null,
    buttons: [],
    capture: false,
    child: null,
    delay: 0,
    idle: null,
    ref: null,
    nested: [],
    keyword: {},
    callback: false
  },
  refSerialize: '3aa9cfc5bed9d9d85f5b7b6664c23086'
}
[QUEUE_SE_ENVIO]:  {
  ref: 'ans_1e49e4ac-f41b-4c5b-b643-cc50f916a0bc',
  keyword: 'ans_291240ef-8a7f-4848-a5ca-42e47fa867cc',
  answer: '📅 Estos son los lavados en proceso:',
  options: {
    media: null,
    buttons: [],
    capture: false,
    child: null,
    delay: 0,
    idle: null,
    ref: null,
    nested: [],
    keyword: {},
    callback: true
  },
  refSerialize: 'd5cec95a3cb40cbcb576a49ec2409d41'
}
[QUEUE_SE_ENVIO]:  {
  ref: 'ans_d98c211f-3846-4e76-81b1-b9c11af36f1d',
  keyword: 'ans_1e49e4ac-f41b-4c5b-b643-cc50f916a0bc',
  answer: '👀 *Escribe el número de la cita*',
  options: {
    media: null,
    buttons: [],
    capture: true,
    child: null,
    delay: 0,
    idle: null,
    ref: null,
    nested: [],
    keyword: {},
    callback: true
  },
  refSerialize: '9b588183e9878476b3596fdf32137c90'
}
[handleMsg]:  {
  key: {
    remoteJid: '50582477697@s.whatsapp.net',
    fromMe: false,
    id: 'DBA963A778113230E30B1156FD824B5D',
    participant: undefined
  },
  messageTimestamp: 1706342855,
  pushName: '🙄',
  broadcast: false,
  message: Message {
    conversation: '1',
    messageContextInfo: MessageContextInfo {
      deviceListMetadata: [DeviceListMetadata],
      deviceListMetadataVersion: 2
    }
  },
  body: '1',
  from: '50582477697'
}
[QUEUE_SE_ENVIO]:  {
  ref: 'ans_2d8caa4e-bed5-4b81-9feb-4c4507638a7c',
  keyword: 'ans_d98c211f-3846-4e76-81b1-b9c11af36f1d',
  answer: 'Estos son nuestros servicios de lavados: ',
  options: {
    media: null,
    buttons: [],
    capture: false,
    child: null,
    delay: 0,
    idle: null,
    ref: null,
    nested: [],
    keyword: {},
    callback: true
  },
  refSerialize: '1eebd402682b2b5fe4a147f5343f5130'
}
[QUEUE_SE_ENVIO]:  {
  ref: 'ans_3ed126e1-b258-4d87-8d85-01db11e6df82',
  keyword: 'ans_2d8caa4e-bed5-4b81-9feb-4c4507638a7c',
  answer: '👀 *Escribe el número del método de pago que deseas*',
  options: {
    media: null,
    buttons: [],
    capture: true,
    child: null,
    delay: 0,
    idle: null,
    ref: null,
    nested: [],
    keyword: {},
    callback: true
  },
  refSerialize: '30686f9d5fc68d8b2d99f5cc6421f6f3'
}
[handleMsg]:  {
  key: {
    remoteJid: '50582477697@s.whatsapp.net',
    fromMe: false,
    id: '91B32CB206AE9DA75B370356CC88A02C',
    participant: undefined
  },
  messageTimestamp: 1706342858,
  pushName: '🙄',
  broadcast: false,
  message: Message {
    conversation: '3',
    messageContextInfo: MessageContextInfo {
      deviceListMetadata: [DeviceListMetadata],
      deviceListMetadataVersion: 2
    }
  },
  body: '3',
  from: '50582477697'
}
