50581719517:ENCOLADO ans_1a5fca8e-972d-4371-90af-62f76a2ed7de
EJECUTANDO:ans_1a5fca8e-972d-4371-90af-62f76a2ed7de
50581719517:SUCCESS
50581719517:ENCOLADO ans_0caccbee-adf4-44ab-b40d-6e56ee46525b
EJECUTANDO:ans_0caccbee-adf4-44ab-b40d-6e56ee46525b
50581719517:SUCCESS
50581719517:ENCOLADO ans_4073f9c8-f5cd-49ff-8ad6-d1a129d13ba9
EJECUTANDO:ans_4073f9c8-f5cd-49ff-8ad6-d1a129d13ba9
50581719517:SUCCESS
50581719517:ENCOLADO ans_efc6cd49-372b-4046-b64e-8eebe74ee05c
EJECUTANDO:ans_efc6cd49-372b-4046-b64e-8eebe74ee05c
50581719517:SUCCESS
50581719517:ENCOLADO ans_8f68a36a-1da4-4e41-9da5-ed7fdeab168f
EJECUTANDO:ans_8f68a36a-1da4-4e41-9da5-ed7fdeab168f
50581719517:SUCCESS
50581719517:ENCOLADO ans_7f01651f-60de-411d-bbba-3fb254fa45a9
EJECUTANDO:ans_7f01651f-60de-411d-bbba-3fb254fa45a9
50581719517:SUCCESS
50581719517:ENCOLADO ans_9c03173c-226e-4f68-a611-3acead10c487
EJECUTANDO:ans_9c03173c-226e-4f68-a611-3acead10c487
50581719517:SUCCESS
50581719517:ENCOLADO ans_123507e0-888c-47e2-9a27-d295eca01a41
EJECUTANDO:ans_123507e0-888c-47e2-9a27-d295eca01a41
50581719517:SUCCESS
50581719517:ENCOLADO ans_f4f4533f-cc3f-4a17-9731-d4a0501be80d
EJECUTANDO:ans_f4f4533f-cc3f-4a17-9731-d4a0501be80d
50581719517:SUCCESS
